<?xml version="1.0" encoding="UTF-8"?>
<!-- Generated by org.testng.reporters.JUnitReportReporter -->
<testsuite skipped="0" hostname="VIVAAN-NAINA-TUSHAR" name="APITest" tests="8" failures="0" timestamp="15 Jun 2018 16:25:48 GMT" time="28.198" errors="0">
  <testcase name="CreateGistTest" time="4.536" classname="APITest"/>
  <testcase name="ReadGistTest" time="1.440" classname="APITest"/>
  <testcase name="ValidateGistContentTest" time="1.836" classname="APITest"/>
  <testcase name="CreateCommentGistTest" time="3.571" classname="APITest"/>
  <testcase name="ForkGistTest" time="8.389" classname="APITest"/>
  <testcase name="StarGistTest" time="3.450" classname="APITest"/>
  <testcase name="UnStarGistTest" time="2.076" classname="APITest"/>
  <testcase name="DeleteGistTest" time="2.900" classname="APITest"/>
</testsuite> <!-- APITest -->
